<?xml version="1.0" encoding="UTF-8"?>
<!-- Generated by org.testng.reporters.JUnitReportReporter -->
<testsuite hostname="DESKTOP-01S0H3O" failures="0" tests="1" name="testCasesExecution.TC002" time="9.758" errors="0" timestamp="2025-01-30T17:28:57 IST" skipped="0">
  <testcase classname="testCasesExecution.TC002" name="verifyLoginwithInvalidCredentials" time="9.758"/>
  <system-out/>
</testsuite> <!-- testCasesExecution.TC002 -->
