<?xml version="1.0" encoding="UTF-8"?>
<!-- Generated by org.testng.reporters.JUnitReportReporter -->
<testsuite hostname="DESKTOP-01S0H3O" failures="0" tests="1" name="test_case.OrangeHRMLoginTest" time="9.181" errors="0" timestamp="2025-01-30T17:05:40 IST" skipped="0">
  <testcase classname="test_case.OrangeHRMLoginTest" name="testLogin" time="9.181"/>
  <system-out/>
</testsuite> <!-- test_case.OrangeHRMLoginTest -->
