<?xml version="1.0" encoding="UTF-8"?>
<!-- Generated by org.testng.reporters.JUnitReportReporter -->
<testsuite hostname="DESKTOP-01S0H3O" failures="0" tests="1" name="test_case.HRM001" time="29.998" errors="0" timestamp="2025-01-08T12:15:02 IST" skipped="0">
  <testcase classname="test_case.HRM001" name="Script001" time="29.998"/>
  <system-out/>
</testsuite> <!-- test_case.HRM001 -->
