<?xml version="1.0" encoding="UTF-8"?>
<!-- Generated by org.testng.reporters.JUnitReportReporter -->
<testsuite hostname="DESKTOP-01S0H3O" failures="0" tests="1" name="testCasesExecution.TC003" time="14.510" errors="0" timestamp="2025-01-30T18:34:24 IST" skipped="0">
  <testcase classname="testCasesExecution.TC003" name="verifyLoginwithInvalidCredentials" time="14.510"/>
  <system-out/>
</testsuite> <!-- testCasesExecution.TC003 -->
