<?xml version="1.0" encoding="UTF-8"?>
<!-- Generated by org.testng.reporters.JUnitReportReporter -->
<testsuite hostname="DESKTOP-01S0H3O" failures="0" tests="1" name="testCasesExecution.TC001" time="13.826" errors="0" timestamp="2025-01-30T16:43:35 IST" skipped="0">
  <testcase classname="testCasesExecution.TC001" name="verifySucessfullLogin" time="13.826"/>
  <system-out/>
</testsuite> <!-- testCasesExecution.TC001 -->
